# JRE version: OpenJDK Runtime Environment Zulu18.32+13-CA (18.0.2.1+1) (build 18.0.2.1+1)
# Java VM: OpenJDK 64-Bit Server VM Zulu18.32+13-CA (18.0.2.1+1, mixed mode, sharing, tiered, compressed oops, compressed class ptrs, g1 gc, bsd-aarch64)
GC Precious Log:
 CardTable entry size: 512
 Card Set container configuration: InlinePtr #cards 5 size 8 Array Of Cards #cards 12 size 40 Howl #buckets 4 coarsen threshold 1843 Howl Bitmap #cards 512 size 80 coarsen threshold 460 Card regions per heap region 1 cards per card region 2048
 CPUs: 8 total, 8 available
 Memory: 8192M
 Large Page Support: Disabled
 NUMA Support: Disabled
 Compressed Oops: Enabled (Zero based)
 Heap Region Size: 1M
 Heap Min Capacity: 8M
 Heap Initial Capacity: 128M
 Heap Max Capacity: 2G
 Pre-touch: Disabled
 Parallel Workers: 8
 Concurrent Workers: 2
 Concurrent Refinement Workers: 8
 Periodic GC: Disabled
Heap:
 garbage-first heap   total 75776K, used 28768K [0x0000000780000000, 0x0000000800000000)
  region size 1024K, 5 young (5120K), 4 survivors (4096K)
 Metaspace       used 63514K, committed 64192K, reserved 1114112K
  class space    used 8505K, committed 8832K, reserved 1048576K
GC Heap History (20 events):
Event: 3.154 GC heap before
{Heap before GC invocations=5 (full 0):
 garbage-first heap   total 55296K, used 15560K [0x0000000780000000, 0x0000000800000000)
  region size 1024K, 3 young (3072K), 2 survivors (2048K)
 Metaspace       used 24009K, committed 24256K, reserved 1114112K
  class space    used 3012K, committed 3136K, reserved 1048576K
}
Event: 3.157 GC heap after
{Heap after GC invocations=6 (full 0):
 garbage-first heap   total 55296K, used 14868K [0x0000000780000000, 0x0000000800000000)
  region size 1024K, 1 young (1024K), 1 survivors (1024K)
 Metaspace       used 24009K, committed 24256K, reserved 1114112K
  class space    used 3012K, committed 3136K, reserved 1048576K
}
Event: 3.527 GC heap before
{Heap before GC invocations=6 (full 0):
 garbage-first heap   total 55296K, used 37396K [0x0000000780000000, 0x0000000800000000)
  region size 1024K, 23 young (23552K), 1 survivors (1024K)
 Metaspace       used 27850K, committed 28288K, reserved 1114112K
  class space    used 3588K, committed 3776K, reserved 1048576K
}
Event: 3.530 GC heap after
{Heap after GC invocations=7 (full 0):
 garbage-first heap   total 55296K, used 16847K [0x0000000780000000, 0x0000000800000000)
  region size 1024K, 3 young (3072K), 3 survivors (3072K)
 Metaspace       used 27850K, committed 28288K, reserved 1114112K
  class space    used 3588K, committed 3776K, reserved 1048576K
}
Event: 3.929 GC heap before
{Heap before GC invocations=7 (full 0):
 garbage-first heap   total 55296K, used 37327K [0x0000000780000000, 0x0000000800000000)
  region size 1024K, 24 young (24576K), 3 survivors (3072K)
 Metaspace       used 32661K, committed 33088K, reserved 1114112K
  class space    used 4085K, committed 4288K, reserved 1048576K
}
Event: 3.937 GC heap after
{Heap after GC invocations=8 (full 0):
 garbage-first heap   total 55296K, used 18604K [0x0000000780000000, 0x0000000800000000)
  region size 1024K, 2 young (2048K), 2 survivors (2048K)
 Metaspace       used 32661K, committed 33088K, reserved 1114112K
  class space    used 4085K, committed 4288K, reserved 1048576K
}
Event: 4.251 GC heap before
{Heap before GC invocations=8 (full 0):
 garbage-first heap   total 55296K, used 31916K [0x0000000780000000, 0x0000000800000000)
  region size 1024K, 17 young (17408K), 2 survivors (2048K)
 Metaspace       used 35466K, committed 35968K, reserved 1114112K
  class space    used 4472K, committed 4736K, reserved 1048576K
}
Event: 4.256 GC heap after
{Heap after GC invocations=9 (full 0):
 garbage-first heap   total 75776K, used 20573K [0x0000000780000000, 0x0000000800000000)
  region size 1024K, 3 young (3072K), 3 survivors (3072K)
 Metaspace       used 35466K, committed 35968K, reserved 1114112K
  class space    used 4472K, committed 4736K, reserved 1048576K
}
Event: 4.875 GC heap before
{Heap before GC invocations=10 (full 0):
 garbage-first heap   total 75776K, used 53341K [0x0000000780000000, 0x0000000800000000)
  region size 1024K, 36 young (36864K), 3 survivors (3072K)
 Metaspace       used 43158K, committed 43648K, reserved 1114112K
  class space    used 5630K, committed 5888K, reserved 1048576K
}
Event: 4.877 GC heap after
{Heap after GC invocations=11 (full 0):
 garbage-first heap   total 75776K, used 22217K [0x0000000780000000, 0x0000000800000000)
  region size 1024K, 4 young (4096K), 4 survivors (4096K)
 Metaspace       used 43158K, committed 43648K, reserved 1114112K
  class space    used 5630K, committed 5888K, reserved 1048576K
}
Event: 4.896 GC heap before
{Heap before GC invocations=11 (full 0):
 garbage-first heap   total 75776K, used 23241K [0x0000000780000000, 0x0000000800000000)
  region size 1024K, 5 young (5120K), 4 survivors (4096K)
 Metaspace       used 43589K, committed 44096K, reserved 1114112K
  class space    used 5673K, committed 5888K, reserved 1048576K
}
Event: 4.899 GC heap after
{Heap after GC invocations=12 (full 0):
 garbage-first heap   total 75776K, used 22202K [0x0000000780000000, 0x0000000800000000)
  region size 1024K, 1 young (1024K), 1 survivors (1024K)
 Metaspace       used 43589K, committed 44096K, reserved 1114112K
  class space    used 5673K, committed 5888K, reserved 1048576K
}
Event: 5.309 GC heap before
{Heap before GC invocations=12 (full 0):
 garbage-first heap   total 75776K, used 54970K [0x0000000780000000, 0x0000000800000000)
  region size 1024K, 34 young (34816K), 1 survivors (1024K)
 Metaspace       used 52100K, committed 52608K, reserved 1114112K
  class space    used 6972K, committed 7232K, reserved 1048576K
}
Event: 5.310 GC heap after
{Heap after GC invocations=13 (full 0):
 garbage-first heap   total 75776K, used 23128K [0x0000000780000000, 0x0000000800000000)
  region size 1024K, 2 young (2048K), 2 survivors (2048K)
 Metaspace       used 52100K, committed 52608K, reserved 1114112K
  class space    used 6972K, committed 7232K, reserved 1048576K
}
Event: 5.700 GC heap before
{Heap before GC invocations=13 (full 0):
 garbage-first heap   total 75776K, used 56920K [0x0000000780000000, 0x0000000800000000)
  region size 1024K, 35 young (35840K), 2 survivors (2048K)
 Metaspace       used 58401K, committed 59008K, reserved 1114112K
  class space    used 7780K, committed 8064K, reserved 1048576K
}
Event: 5.703 GC heap after
{Heap after GC invocations=14 (full 0):
 garbage-first heap   total 75776K, used 24951K [0x0000000780000000, 0x0000000800000000)
  region size 1024K, 4 young (4096K), 4 survivors (4096K)
 Metaspace       used 58401K, committed 59008K, reserved 1114112K
  class space    used 7780K, committed 8064K, reserved 1048576K
}
Event: 5.973 GC heap before
{Heap before GC invocations=14 (full 0):
 garbage-first heap   total 75776K, used 34167K [0x0000000780000000, 0x0000000800000000)
  region size 1024K, 14 young (14336K), 4 survivors (4096K)
 Metaspace       used 59636K, committed 60288K, reserved 1114112K
  class space    used 7947K, committed 8256K, reserved 1048576K
}
Event: 5.977 GC heap after
{Heap after GC invocations=15 (full 0):
 garbage-first heap   total 75776K, used 26029K [0x0000000780000000, 0x0000000800000000)
  region size 1024K, 3 young (3072K), 3 survivors (3072K)
 Metaspace       used 59636K, committed 60288K, reserved 1114112K
  class space    used 7947K, committed 8256K, reserved 1048576K
}
Event: 10.176 GC heap before
{Heap before GC invocations=16 (full 0):
 garbage-first heap   total 75776K, used 58797K [0x0000000780000000, 0x0000000800000000)
  region size 1024K, 35 young (35840K), 3 survivors (3072K)
 Metaspace       used 63436K, committed 64128K, reserved 1114112K
  class space    used 8489K, committed 8832K, reserved 1048576K
}
Event: 10.205 GC heap after
{Heap after GC invocations=17 (full 0):
 garbage-first heap   total 75776K, used 28768K [0x0000000780000000, 0x0000000800000000)
  region size 1024K, 4 young (4096K), 4 survivors (4096K)
 Metaspace       used 63436K, committed 64128K, reserved 1114112K
  class space    used 8489K, committed 8832K, reserved 1048576K
}

